warning: Git tree '/home/fasttrackstudio/configuration' is dirty
building the system configuration...
warning: Git tree '/home/fasttrackstudio/configuration' is dirty
these 17 derivations will be built:
  /nix/store/5b3qvcc2nrfs3vyn51jy8bziwck7mzv3-phoenix-sync.drv
  /nix/store/h6hia6jscib1fkmvpxywrfv6cyml4yal-phoenix-upgrade.drv
  /nix/store/jaw3614bmsq7972y60a70ka210mzgk28-phoenix.drv
  /nix/store/cl1f3xj52xsmgk5f20wcxnkci3phbijd-home-manager-path.drv
  /nix/store/b6b3q3m645max7gsh6d8zrmg44mgxdjn-hm_fontconfigconf.d10hmfonts.conf.drv
  /nix/store/l88jb1i349had8kw8143s5c6a7rbvy8l-man-paths.drv
  /nix/store/hx08k5zaksvk7h31473kjiffmiv2dajb-man-cache.drv
  /nix/store/gzqx62kl1vly2hz0qr8b0acva55wnbxn-hm_.manpath.drv
  /nix/store/ps1wmi072y5mb8q679xh80ib4a0bkqlp-phoenix-fish-completions.drv
  /nix/store/q4h40chbvdmlqfmqpcx8dapbg401sfyv-fasttrackstudio-fish-completions.drv
  /nix/store/nbzgkah57c2hjnrczpp8ml2i18199skk-home-manager-files.drv
  /nix/store/wfbazjyfxc4sgcflpcvffdzixlhx1dym-home-manager-generation.drv
  /nix/store/5njhlf69v3cfvy3mp7vki6maql4mwbwf-unit-home-manager-fasttrackstudio.service.drv
  /nix/store/kkbrs1smfdh0sq4h5kk0qcg8x1p6kiq1-user-environment.drv
  /nix/store/llic5h5y95dyj5w3r7l88c0nb5fgxn0z-system-units.drv
  /nix/store/66za0k6j8n6dkc0nk2vbmvdhp25pv2f4-etc.drv
  /nix/store/kc19hrs7kdcqpcz6dysrp8xmln9s9wb2-nixos-system-nixos-24.11.20250619.d883b62.drv
building '/nix/store/5b3qvcc2nrfs3vyn51jy8bziwck7mzv3-phoenix-sync.drv'...
building '/nix/store/h6hia6jscib1fkmvpxywrfv6cyml4yal-phoenix-upgrade.drv'...
building '/nix/store/jaw3614bmsq7972y60a70ka210mzgk28-phoenix.drv'...
building '/nix/store/cl1f3xj52xsmgk5f20wcxnkci3phbijd-home-manager-path.drv'...
building '/nix/store/l88jb1i349had8kw8143s5c6a7rbvy8l-man-paths.drv'...
building '/nix/store/ps1wmi072y5mb8q679xh80ib4a0bkqlp-phoenix-fish-completions.drv'...
building '/nix/store/q4h40chbvdmlqfmqpcx8dapbg401sfyv-fasttrackstudio-fish-completions.drv'...
building '/nix/store/hx08k5zaksvk7h31473kjiffmiv2dajb-man-cache.drv'...
building '/nix/store/b6b3q3m645max7gsh6d8zrmg44mgxdjn-hm_fontconfigconf.d10hmfonts.conf.drv'...
building '/nix/store/kkbrs1smfdh0sq4h5kk0qcg8x1p6kiq1-user-environment.drv'...
building '/nix/store/gzqx62kl1vly2hz0qr8b0acva55wnbxn-hm_.manpath.drv'...
building '/nix/store/nbzgkah57c2hjnrczpp8ml2i18199skk-home-manager-files.drv'...
building '/nix/store/wfbazjyfxc4sgcflpcvffdzixlhx1dym-home-manager-generation.drv'...
building '/nix/store/5njhlf69v3cfvy3mp7vki6maql4mwbwf-unit-home-manager-fasttrackstudio.service.drv'...
building '/nix/store/llic5h5y95dyj5w3r7l88c0nb5fgxn0z-system-units.drv'...
building '/nix/store/66za0k6j8n6dkc0nk2vbmvdhp25pv2f4-etc.drv'...
building '/nix/store/kc19hrs7kdcqpcz6dysrp8xmln9s9wb2-nixos-system-nixos-24.11.20250619.d883b62.drv'...
activating the configuration...
setting up /usr/share/applications...
setting up /usr/share/icons...
setting up /run/booted-system...
setting up /etc...
setting up /bin...
setting up /bin/login...
setting up /sbin/init shim...
restarting sysinit-reactivation.target
